17:31,40:983 INFO    [ProcessingContext]: Using processing tool JAVAC
17:31,40:983 INFO    [ProcessingContext]: Using processing javac ProcessingEnvironment
17:31,40:983 INFO    [ProcessingContext]: Using source path null
17:31,40:984 INFO    [MainProcessor]: Using processing env juzu.impl.compiler.ProcessingContext
17:31,40:995 FINER   [ProcessingContext]: Resolved resolved resource location=SOURCE_OUTPUT pkg=juzu relativeName=metamodel.ser from filer
17:31,40:995 INFO    [MainProcessor]: Created new meta model
17:31,41:000 INFO    [ProcessingContext]: Loading services implementation of juzu.impl.plugin.module.metamodel.ModuleMetaModelPlugin
17:31,41:015 INFO    [ProcessingContext]: Using plugins: less application
17:31,41:016 INFO    [ProcessingContext]: Plugin less supports [juzu.plugin.less.Less]
17:31,41:016 INFO    [ProcessingContext]: Loading services implementation of juzu.impl.plugin.application.metamodel.ApplicationMetaModelPlugin
17:31,41:058 INFO    [ProcessingContext]: Using plugins: controller template ajax asset binding router amd portlet webjars
17:31,41:058 INFO    [ProcessingContext]: Plugin controller supports [juzu.Consumes, juzu.View, juzu.Action, juzu.Resource]
17:31,41:058 INFO    [ProcessingContext]: Plugin template supports [juzu.template.Tags, juzu.Path]
17:31,41:059 INFO    [ProcessingContext]: Plugin ajax supports [juzu.plugin.ajax.Ajax]
17:31,41:059 INFO    [ProcessingContext]: Plugin asset supports [juzu.plugin.asset.Stylesheets, juzu.plugin.asset.Scripts]
17:31,41:060 INFO    [ProcessingContext]: Plugin binding supports [juzu.plugin.binding.Bindings]
17:31,41:060 INFO    [ProcessingContext]: Plugin router supports [juzu.Route]
17:31,41:061 INFO    [ProcessingContext]: Plugin amd supports [juzu.plugin.amd.Modules]
17:31,41:062 INFO    [ProcessingContext]: Plugin portlet supports [juzu.plugin.portlet.Portlet]
17:31,41:062 INFO    [ProcessingContext]: Plugin webjars supports [juzu.plugin.webjars.WebJars]
17:31,41:063 INFO    [ProcessingContext]: Plugin application supports [juzu.Application, juzu.plugin.binding.Bindings, juzu.plugin.asset.Stylesheets, juzu.plugin.ajax.Ajax, juzu.template.Tags, juzu.plugin.asset.Scripts, juzu.Resource, juzu.plugin.webjars.WebJars, juzu.Consumes, juzu.plugin.portlet.Portlet, juzu.View, juzu.Route, juzu.Action, juzu.Path, juzu.plugin.amd.Modules]
17:31,41:063 INFO    [MainProcessor]: Starting APT round #0
17:31,41:063 INFO    [MainProcessor]: Activating model
17:31,41:070 INFO    [ProcessingContext]: Loading services implementation of juzu.template.TagHandler
17:31,41:077 INFO    [ProcessingContext]: Loaded tag handler juzu.impl.tags.DecorateTag as decorate
17:31,41:077 INFO    [ProcessingContext]: Loaded tag handler juzu.impl.tags.IncludeTag as include
17:31,41:077 INFO    [ProcessingContext]: Loaded tag handler juzu.impl.tags.InsertTag as insert
17:31,41:077 INFO    [ProcessingContext]: Loaded tag handler juzu.impl.tags.ParamTag as param
17:31,41:078 INFO    [ProcessingContext]: Loaded tag handler juzu.impl.tags.TitleTag as title
17:31,41:078 INFO    [ProcessingContext]: Loading services implementation of juzu.impl.template.spi.TemplateProvider
17:31,41:083 INFO    [MainProcessor]: Processing elements for annotation for juzu.plugin.webjars.WebJars
17:31,41:083 INFO    [MainProcessor]: Processing element org.juzu.jcrcrucrest.portlet.frontend
17:31,41:086 INFO    [MainProcessor]: Processing elements for annotation for juzu.plugin.asset.Stylesheets
17:31,41:086 INFO    [MainProcessor]: Processing element org.juzu.jcrcrucrest.portlet.frontend
17:31,41:087 INFO    [MainProcessor]: Processing elements for annotation for juzu.plugin.binding.Bindings
17:31,41:087 INFO    [MainProcessor]: Processing element org.juzu.jcrcrucrest.portlet.frontend
17:31,41:087 INFO    [MainProcessor]: Processing elements for annotation for juzu.plugin.portlet.Portlet
17:31,41:087 INFO    [MainProcessor]: Processing element org.juzu.jcrcrucrest.portlet.frontend
17:31,41:088 INFO    [MainProcessor]: Processing elements for annotation for juzu.plugin.asset.Scripts
17:31,41:088 INFO    [MainProcessor]: Processing element org.juzu.jcrcrucrest.portlet.frontend
17:31,41:088 INFO    [MainProcessor]: Process annotations
17:31,41:089 FINER   [ProcessingContext]: Annotation added AnnotationKey[annotated=ElementHandle.Package[name=org.juzu.jcrcrucrest.portlet.frontend],type=juzu.plugin.webjars.WebJars]
17:31,41:089 FINER   [ProcessingContext]: Annotation added AnnotationKey[annotated=ElementHandle.Package[name=org.juzu.jcrcrucrest.portlet.frontend],type=juzu.plugin.asset.Stylesheets]
17:31,41:090 FINER   [ProcessingContext]: Annotation added AnnotationKey[annotated=ElementHandle.Package[name=org.juzu.jcrcrucrest.portlet.frontend],type=juzu.plugin.binding.Bindings]
17:31,41:090 FINER   [ProcessingContext]: Annotation added AnnotationKey[annotated=ElementHandle.Package[name=org.juzu.jcrcrucrest.portlet.frontend],type=juzu.plugin.portlet.Portlet]
17:31,41:090 FINER   [ProcessingContext]: Annotation added AnnotationKey[annotated=ElementHandle.Package[name=org.juzu.jcrcrucrest.portlet.frontend],type=juzu.plugin.asset.Scripts]
17:31,41:090 INFO    [ProcessingContext]: Trying to find a native file system for package org.juzu.jcrcrucrest.portlet.frontend
17:31,41:091 INFO    [ProcessingContext]: Found package org.juzu.jcrcrucrest.portlet.frontend annotations @juzu.plugin.portlet.Portlet(name="eXoInviteFriendFrontendPortlet"),@juzu.plugin.binding.Bindings({@juzu.plugin.binding.Binding(org.exoplatform.services.jcr.ext.app.SessionProviderService.class), @juzu.plugin.binding.Binding(org.exoplatform.services.jcr.ext.hierarchy.NodeHierarchyCreator.class), @juzu.plugin.binding.Binding(org.exoplatform.social.core.manager.IdentityManager.class), @juzu.plugin.binding.Binding(org.exoplatform.services.mail.MailService.class), @juzu.plugin.binding.Binding(org.exoplatform.services.organization.OrganizationService.class)}),@juzu.plugin.webjars.WebJars({@juzu.plugin.webjars.WebJar("jquery")}),@juzu.plugin.asset.Scripts({@juzu.plugin.asset.Script(id="jquery", value="jquery/1.10.2/jquery.js"), @juzu.plugin.asset.Script(value="javascripts/exoinvitefriend.js", depends={"jquery"})}),@juzu.plugin.asset.Stylesheets({@juzu.plugin.asset.Stylesheet("css/exoinvitefriend.css")}),@juzu.plugin.asset.Assets({"*"}) will use first one
17:31,41:096 INFO    [ProcessingContext]: Resolved uri file:/home/exo/Desktop/work/jcr_crud_portlet/webapp/src/main/java/org/juzu/jcrcrucrest/portlet/frontend/package-info.java for package org.juzu.jcrcrucrest.portlet.frontend
17:31,41:100 INFO    [ProcessingContext]: Found cached source path disk[/home/exo/Desktop/work/jcr_crud_portlet/webapp/src/main/java] for package org.juzu.jcrcrucrest.portlet.frontend
17:31,41:100 INFO    [ProcessingContext]: Found cached source path disk[/home/exo/Desktop/work/jcr_crud_portlet/webapp/src/main/java] for package org.juzu.jcrcrucrest.portlet.frontend
17:31,41:100 INFO    [ProcessingContext]: Found cached source path disk[/home/exo/Desktop/work/jcr_crud_portlet/webapp/src/main/java] for package org.juzu.jcrcrucrest.portlet.frontend
17:31,41:100 INFO    [ProcessingContext]: Found cached source path disk[/home/exo/Desktop/work/jcr_crud_portlet/webapp/src/main/java] for package org.juzu.jcrcrucrest.portlet.frontend
17:31,41:100 INFO    [MainProcessor]: Post processing model
17:31,41:101 INFO    [MainProcessor]: Process events
17:31,41:101 INFO    [MainProcessor]: Post process events
17:31,41:101 INFO    [MainProcessor]: Ending APT round #0
17:31,41:142 INFO    [MainProcessor]: APT processing over
17:31,41:142 INFO    [MainProcessor]: Passivating model
17:31,41:143 INFO    [ProcessingContext]: Emitting module config
17:31,41:147 INFO    [ProcessingContext]: Passivating templates
